2024-09-02 20:55:44,286 INFO:Initializing a database out of provided images ...
2024-09-02 20:55:58,008 INFO:Initializing the Face Detection Service ...
2024-09-02 20:56:04,919 INFO:Initializing the Face Recognition Service ...
2024-09-02 20:56:04,919 INFO:Initializing the Video Input Service ...


2024-09-02 20:56:08,281 INFO: 0.0: 3 people detected, 0 people verified.
2024-09-02 20:56:08,281 INFO: extraction: 0.021s - detection: 2.693s - identification: 0.632s - overall: 3.346s
2024-09-02 20:56:08,281 INFO: all results: [{'Verified': False, 'ID': None, 'Coordinates': (1138, 284, 1196, 372)}, {'Verified': False, 'ID': None, 'Coordinates': (504, 194, 546, 246)}, {'Verified': False, 'ID': None, 'Coordinates': (54, 310, 98, 368)}]

2024-09-02 20:56:08,920 INFO: 0.04: 3 people detected, 0 people verified.
2024-09-02 20:56:08,920 INFO: extraction: 0.004s - detection: 0.007s - identification: 0.627s - overall: 0.638s
2024-09-02 20:56:08,920 INFO: all results: [{'Verified': False, 'ID': None, 'Coordinates': (1140, 294, 1202, 388)}, {'Verified': False, 'ID': None, 'Coordinates': (506, 194, 546, 244)}, {'Verified': False, 'ID': None, 'Coordinates': (54, 310, 98, 366)}]

2024-09-02 20:56:09,347 INFO: 0.08: 2 people detected, 0 people verified.
2024-09-02 20:56:09,347 INFO: extraction: 0.002s - detection: 0.007s - identification: 0.418s - overall: 0.427s
2024-09-02 20:56:09,347 INFO: all results: [{'Verified': False, 'ID': None, 'Coordinates': (1152, 318, 1212, 406)}, {'Verified': False, 'ID': None, 'Coordinates': (506, 190, 546, 244)}]

2024-09-02 20:56:09,778 INFO: 0.12: 2 people detected, 0 people verified.
2024-09-02 20:56:09,778 INFO: extraction: 0.004s - detection: 0.007s - identification: 0.42s - overall: 0.431s
2024-09-02 20:56:09,778 INFO: all results: [{'Verified': False, 'ID': None, 'Coordinates': (1152, 318, 1212, 406)}, {'Verified': False, 'ID': None, 'Coordinates': (506, 190, 546, 244)}]

2024-09-02 20:56:10,206 INFO: 0.16: 2 people detected, 0 people verified.
2024-09-02 20:56:10,206 INFO: extraction: 0.003s - detection: 0.008s - identification: 0.417s - overall: 0.428s
2024-09-02 20:56:10,206 INFO: all results: [{'Verified': False, 'ID': None, 'Coordinates': (1154, 332, 1220, 426)}, {'Verified': False, 'ID': None, 'Coordinates': (504, 192, 546, 244)}]

2024-09-02 20:56:10,635 INFO: 0.2: 2 people detected, 0 people verified.
2024-09-02 20:56:10,635 INFO: extraction: 0.003s - detection: 0.008s - identification: 0.417s - overall: 0.428s
2024-09-02 20:56:10,635 INFO: all results: [{'Verified': False, 'ID': None, 'Coordinates': (1162, 344, 1226, 438)}, {'Verified': False, 'ID': None, 'Coordinates': (502, 188, 546, 246)}]

2024-09-02 20:56:11,062 INFO: 0.24: 2 people detected, 0 people verified.
2024-09-02 20:56:11,063 INFO: extraction: 0.003s - detection: 0.007s - identification: 0.418s - overall: 0.428s
2024-09-02 20:56:11,063 INFO: all results: [{'Verified': False, 'ID': None, 'Coordinates': (1166, 358, 1232, 456)}, {'Verified': False, 'ID': None, 'Coordinates': (502, 190, 544, 246)}]

2024-09-02 20:56:11,490 INFO: 0.28: 2 people detected, 0 people verified.
2024-09-02 20:56:11,490 INFO: extraction: 0.002s - detection: 0.007s - identification: 0.418s - overall: 0.427s
2024-09-02 20:56:11,490 INFO: all results: [{'Verified': False, 'ID': None, 'Coordinates': (1180, 384, 1244, 476)}, {'Verified': False, 'ID': None, 'Coordinates': (498, 194, 544, 246)}]

2024-09-02 20:56:11,922 INFO: 0.32: 2 people detected, 0 people verified.
2024-09-02 20:56:11,922 INFO: extraction: 0.003s - detection: 0.011s - identification: 0.418s - overall: 0.432s
2024-09-02 20:56:11,922 INFO: all results: [{'Verified': False, 'ID': None, 'Coordinates': (1180, 384, 1244, 476)}, {'Verified': False, 'ID': None, 'Coordinates': (498, 194, 544, 246)}]

2024-09-02 20:56:12,359 INFO: 0.36: 2 people detected, 0 people verified.
2024-09-02 20:56:12,359 INFO: extraction: 0.003s - detection: 0.016s - identification: 0.418s - overall: 0.437s
2024-09-02 20:56:12,360 INFO: all results: [{'Verified': False, 'ID': None, 'Coordinates': (1184, 394, 1250, 488)}, {'Verified': False, 'ID': None, 'Coordinates': (498, 194, 544, 246)}]

2024-09-02 20:56:12,596 INFO: 0.4: 1 people detected, 0 people verified.
2024-09-02 20:56:12,596 INFO: extraction: 0.002s - detection: 0.024s - identification: 0.21s - overall: 0.236s
2024-09-02 20:56:12,596 INFO: all results: [{'Verified': False, 'ID': None, 'Coordinates': (1184, 406, 1254, 504)}]

2024-09-02 20:56:12,838 INFO: 0.44: 1 people detected, 0 people verified.
2024-09-02 20:56:12,838 INFO: extraction: 0.003s - detection: 0.028s - identification: 0.211s - overall: 0.242s
2024-09-02 20:56:12,838 INFO: all results: [{'Verified': False, 'ID': None, 'Coordinates': (1188, 414, 1260, 512)}]

2024-09-02 20:56:13,078 INFO: 0.48: 1 people detected, 0 people verified.
2024-09-02 20:56:13,078 INFO: extraction: 0.003s - detection: 0.026s - identification: 0.211s - overall: 0.24s
2024-09-02 20:56:13,078 INFO: all results: [{'Verified': False, 'ID': None, 'Coordinates': (1184, 434, 1260, 542)}]

2024-09-02 20:56:13,319 INFO: 0.52: 1 people detected, 0 people verified.
2024-09-02 20:56:13,319 INFO: extraction: 0.003s - detection: 0.027s - identification: 0.21s - overall: 0.241s
2024-09-02 20:56:13,319 INFO: all results: [{'Verified': False, 'ID': None, 'Coordinates': (1184, 434, 1260, 542)}]

2024-09-02 20:56:13,773 INFO: 0.56: 2 people detected, 0 people verified.
2024-09-02 20:56:13,773 INFO: extraction: 0.003s - detection: 0.028s - identification: 0.423s - overall: 0.454s
2024-09-02 20:56:13,773 INFO: all results: [{'Verified': False, 'ID': None, 'Coordinates': (1182, 444, 1256, 552)}, {'Verified': False, 'ID': None, 'Coordinates': (498, 196, 542, 244)}]

2024-09-02 20:56:14,226 INFO: 0.6: 2 people detected, 0 people verified.
2024-09-02 20:56:14,226 INFO: extraction: 0.003s - detection: 0.029s - identification: 0.421s - overall: 0.453s
2024-09-02 20:56:14,226 INFO: all results: [{'Verified': False, 'ID': None, 'Coordinates': (1170, 458, 1252, 570)}, {'Verified': False, 'ID': None, 'Coordinates': (498, 196, 540, 246)}]

